<?xml version="1.0" encoding="UTF-8"?>
<!-- Generated by org.testng.reporters.JUnitReportReporter -->
<testsuite hostname="Likhitha" failures="0" tests="2" name="Data_Driven.LoginUser" time="7.647" errors="0" timestamp="2024-07-09T02:13:21 IST" skipped="0">
  <testcase classname="Data_Driven.LoginUser" name="loginUser" time="3.516"/>
  <testcase classname="Data_Driven.LoginUser" name="loginDetails" time="4.131"/>
</testsuite> <!-- Data_Driven.LoginUser -->
