<?xml version="1.0" encoding="UTF-8"?>
<!-- Generated by org.testng.reporters.JUnitReportReporter -->
<testsuite hostname="Likhitha" failures="0" tests="2" name="Project2TestCases.VerifyAddressDetailsInCheckOutPage" time="15.235" errors="0" timestamp="2024-07-08T18:47:18 IST" skipped="0">
  <testcase classname="Project2TestCases.VerifyAddressDetailsInCheckOutPage" name="SignUp" time="15.194"/>
  <testcase classname="Project2TestCases.VerifyAddressDetailsInCheckOutPage" name="verifyAddress" time="0.041"/>
</testsuite> <!-- Project2TestCases.VerifyAddressDetailsInCheckOutPage -->
