<?xml version="1.0" encoding="UTF-8"?>
<!-- Generated by org.testng.reporters.JUnitReportReporter -->
<testsuite hostname="Likhitha" failures="0" tests="3" name="Project2TestCases.VerifyScrollUsingArrowButton" time="8.396" errors="0" timestamp="2024-07-09T01:51:59 IST" skipped="0">
  <testcase classname="Project2TestCases.VerifyScrollUsingArrowButton" name="verifyURL" time="0.047"/>
  <testcase classname="Project2TestCases.VerifyScrollUsingArrowButton" name="scrollDown" time="3.228"/>
  <testcase classname="Project2TestCases.VerifyScrollUsingArrowButton" name="scrollUp" time="5.121"/>
</testsuite> <!-- Project2TestCases.VerifyScrollUsingArrowButton -->
