<?xml version="1.0" encoding="UTF-8"?>
<!-- Generated by org.testng.reporters.JUnitReportReporter -->
<testsuite hostname="Likhitha" failures="0" tests="6" name="CrossBrowserTestingP2.CrossBrowserTestingProj2" time="18.024" errors="0" timestamp="2024-07-08T22:06:40 IST" skipped="0">
  <testcase classname="CrossBrowserTestingP2.CrossBrowserTestingProj2" name="launchBrowser" time="3.431"/>
  <testcase classname="CrossBrowserTestingP2.CrossBrowserTestingProj2" name="launchURL" time="2.346"/>
  <testcase classname="CrossBrowserTestingP2.CrossBrowserTestingProj2" name="launchURL" time="3.984"/>
  <testcase classname="CrossBrowserTestingP2.CrossBrowserTestingProj2" name="launchURL" time="3.986"/>
  <testcase classname="CrossBrowserTestingP2.CrossBrowserTestingProj2" name="launchBrowser" time="2.614"/>
  <testcase classname="CrossBrowserTestingP2.CrossBrowserTestingProj2" name="launchBrowser" time="1.663"/>
</testsuite> <!-- CrossBrowserTestingP2.CrossBrowserTestingProj2 -->
