<?xml version="1.0" encoding="UTF-8"?>
<!-- Generated by org.testng.reporters.JUnitReportReporter -->
<testsuite hostname="Likhitha" failures="0" tests="1" name="MainPageExecution.CodeExecution" time="14.693" errors="0" timestamp="2024-07-06T01:23:55 IST" skipped="0">
  <testcase classname="MainPageExecution.CodeExecution" name="AddToCartFromRecommendedItems" time="14.693"/>
</testsuite> <!-- MainPageExecution.CodeExecution -->
