<?xml version="1.0" encoding="UTF-8"?>
<!-- Generated by org.testng.reporters.JUnitReportReporter -->
<testsuite hostname="Likhitha" failures="0" tests="2" name="Project2TestCases.VerifyScrollWithOutArrowButton" time="4.139" errors="0" timestamp="2024-07-08T18:42:18 IST" skipped="0">
  <testcase classname="Project2TestCases.VerifyScrollWithOutArrowButton" name="verifyURL" time="0.017"/>
  <testcase classname="Project2TestCases.VerifyScrollWithOutArrowButton" name="subscription" time="4.122"/>
</testsuite> <!-- Project2TestCases.VerifyScrollWithOutArrowButton -->
