<?xml version="1.0" encoding="UTF-8"?>
<!-- Generated by org.testng.reporters.JUnitReportReporter -->
<testsuite hostname="Likhitha" failures="0" tests="10" name="Project2TestCases.DownloadInvoiceAfterPurchaseOrder" time="55.890" errors="0" timestamp="2024-07-08T21:39:48 IST" skipped="0">
  <testcase classname="Project2TestCases.DownloadInvoiceAfterPurchaseOrder" name="verifyURL" time="0.014"/>
  <testcase classname="Project2TestCases.DownloadInvoiceAfterPurchaseOrder" name="AddProductCart" time="10.335"/>
  <testcase classname="Project2TestCases.DownloadInvoiceAfterPurchaseOrder" name="RegisterUserPage" time="7.119"/>
  <testcase classname="Project2TestCases.DownloadInvoiceAfterPurchaseOrder" name="RegisterForm" time="5.241"/>
  <testcase classname="Project2TestCases.DownloadInvoiceAfterPurchaseOrder" name="Register" time="6.860"/>
  <testcase classname="Project2TestCases.DownloadInvoiceAfterPurchaseOrder" name="loggedInAsMsg" time="5.101"/>
  <testcase classname="Project2TestCases.DownloadInvoiceAfterPurchaseOrder" name="cart" time="3.205"/>
  <testcase classname="Project2TestCases.DownloadInvoiceAfterPurchaseOrder" name="placeorder" time="12.325"/>
  <testcase classname="Project2TestCases.DownloadInvoiceAfterPurchaseOrder" name="Invoice" time="0.826"/>
  <testcase classname="Project2TestCases.DownloadInvoiceAfterPurchaseOrder" name="deletAccount" time="4.864"/>
</testsuite> <!-- Project2TestCases.DownloadInvoiceAfterPurchaseOrder -->
