<?xml version="1.0" encoding="UTF-8"?>
<!-- Generated by org.testng.reporters.JUnitReportReporter -->
<testsuite hostname="Likhitha" failures="0" tests="2" name="Project2TestCases.VerifyScrolIUsingArrowButton" time="3.189" errors="0" timestamp="2024-07-06T23:18:28 IST" skipped="0">
  <testcase classname="Project2TestCases.VerifyScrolIUsingArrowButton" name="verifyURL" time="0.006"/>
  <testcase classname="Project2TestCases.VerifyScrolIUsingArrowButton" name="subscription" time="3.183"/>
</testsuite> <!-- Project2TestCases.VerifyScrolIUsingArrowButton -->
